[2025-04-28 04:47:49,436] INFO django.utils.autoreload Watching for file changes with StatReloader
[2025-04-28 04:47:54,407] INFO django.server "GET /api/ HTTP/1.1" 200 6941
[2025-04-28 04:47:54,652] WARNING django.request Not Found: /favicon.ico
[2025-04-28 04:48:16,772] INFO django.server "GET /api/job-listings/ HTTP/1.1" 200 11428
[2025-04-28 04:48:24,743] INFO django.server "GET /api/ HTTP/1.1" 200 6941
[2025-04-28 04:48:27,640] WARNING django.request Method Not Allowed: /api/jobs/apply/1/
[2025-04-28 04:48:27,641] WARNING django.server "GET /api/jobs/apply/1/ HTTP/1.1" 405 9561
[2025-04-28 04:48:27,900] WARNING django.request Not Found: /favicon.ico
[2025-04-28 04:48:37,951] INFO django.server "GET /api/ HTTP/1.1" 200 6941
[2025-04-28 04:48:38,217] WARNING django.request Not Found: /favicon.ico
[2025-04-28 04:48:42,384] WARNING django.request Not Found: /api/books/
[2025-04-28 04:48:42,385] WARNING django.server "GET /api/books/ HTTP/1.1" 404 6596
[2025-04-28 04:50:15,138] INFO django.utils.autoreload /home/rishicollinz/Documents/mallow/project/job_board/job_board_api/job_board_api/settings.py changed, reloading.
[2025-04-28 04:50:15,568] INFO django.utils.autoreload Watching for file changes with StatReloader
[2025-04-28 04:50:17,899] INFO django.utils.autoreload /home/rishicollinz/Documents/mallow/project/job_board/job_board_api/job_board_api/settings.py changed, reloading.
[2025-04-28 04:50:18,337] INFO django.utils.autoreload Watching for file changes with StatReloader
[2025-04-28 04:50:20,659] INFO django.utils.autoreload /home/rishicollinz/Documents/mallow/project/job_board/job_board_api/job_board_api/settings.py changed, reloading.
[2025-04-28 04:50:21,112] INFO django.utils.autoreload Watching for file changes with StatReloader
[2025-04-28 04:50:22,395] INFO django.utils.autoreload /home/rishicollinz/Documents/mallow/project/job_board/job_board_api/job_board_api/settings.py changed, reloading.
[2025-04-28 04:50:22,798] INFO django.utils.autoreload Watching for file changes with StatReloader
[2025-04-28 04:50:24,076] INFO django.utils.autoreload /home/rishicollinz/Documents/mallow/project/job_board/job_board_api/job_board_api/settings.py changed, reloading.
[2025-04-28 04:50:24,521] INFO django.utils.autoreload Watching for file changes with StatReloader
[2025-04-28 04:50:26,836] INFO django.utils.autoreload /home/rishicollinz/Documents/mallow/project/job_board/job_board_api/job_board_api/settings.py changed, reloading.
[2025-04-28 04:50:27,308] INFO django.utils.autoreload Watching for file changes with StatReloader
[2025-04-28 04:50:29,612] INFO django.utils.autoreload /home/rishicollinz/Documents/mallow/project/job_board/job_board_api/job_board_api/settings.py changed, reloading.
[2025-04-28 04:50:30,010] INFO django.utils.autoreload Watching for file changes with StatReloader
[2025-04-28 05:09:04,414] INFO django.utils.autoreload Watching for file changes with StatReloader
[2025-04-28 05:09:06,689] WARNING django.request Not Found: /
[2025-04-28 05:09:06,690] WARNING django.server "GET / HTTP/1.1" 404 2463
[2025-04-28 05:09:06,890] WARNING django.request Not Found: /favicon.ico
[2025-04-28 05:09:12,080] INFO django.server "GET /api/ HTTP/1.1" 200 6941
[2025-04-28 05:09:15,210] INFO django.server "POST /api-auth/logout/?next=/api/ HTTP/1.1" 302 0
[2025-04-28 05:09:15,230] INFO django.server "GET /api/ HTTP/1.1" 200 6386
[2025-04-28 05:09:15,486] WARNING django.request Not Found: /favicon.ico
[2025-04-28 05:09:16,472] INFO django.server "GET /api-auth/login/?next=/api/ HTTP/1.1" 200 2702
[2025-04-28 05:09:20,728] INFO django.server "POST /api-auth/login/ HTTP/1.1" 302 0
[2025-04-28 05:09:20,759] INFO django.server "GET /api/ HTTP/1.1" 200 6931
[2025-04-28 05:09:24,462] INFO django.server "GET /api/job-listings/ HTTP/1.1" 200 16348
[2025-04-28 05:09:24,743] WARNING django.request Not Found: /favicon.ico
[2025-04-28 05:10:00,626] INFO django.server "POST /api/job-listings/ HTTP/1.1" 201 11907
[2025-04-28 05:10:00,890] WARNING django.request Not Found: /favicon.ico
[2025-04-28 05:10:31,913] INFO django.utils.autoreload /home/rishicollinz/Documents/mallow/project/job_board/job_board_api/job_board_api/settings.py changed, reloading.
[2025-04-28 10:40:32,353] INFO django.utils.autoreload Watching for file changes with StatReloader
[2025-04-28 10:40:48,133] INFO django.server "POST /api-auth/logout/?next=/api/job-listings/ HTTP/1.1" 302 0
[2025-04-28 10:40:48,168] WARNING django.request Unauthorized: /api/job-listings/
[2025-04-28 10:40:48,170] WARNING django.server "GET /api/job-listings/ HTTP/1.1" 401 5279
[2025-04-28 10:40:49,308] INFO django.server "GET /api-auth/login/?next=/api/job-listings/ HTTP/1.1" 200 2715
[2025-04-28 10:40:54,751] INFO django.server "POST /api-auth/login/ HTTP/1.1" 302 0
[2025-04-28 10:40:54,794] INFO django.server "GET /api/job-listings/ HTTP/1.1" 200 12110
[2025-04-28 10:40:55,053] WARNING django.request Not Found: /favicon.ico
[2025-04-28 10:40:57,824] INFO django.server "GET /api/ HTTP/1.1" 200 6941
[2025-04-28 10:40:59,499] WARNING django.request Method Not Allowed: /api/jobs/apply/1/
[2025-04-28 10:40:59,500] WARNING django.server "GET /api/jobs/apply/1/ HTTP/1.1" 405 9658
[2025-04-28 10:40:59,745] WARNING django.request Not Found: /favicon.ico
[2025-04-28 10:41:03,582] WARNING django.request Method Not Allowed: /api/jobs/apply/7/
[2025-04-28 10:41:03,583] WARNING django.server "GET /api/jobs/apply/7/ HTTP/1.1" 405 9658
[2025-04-28 10:41:19,178] INFO django.server "POST /api/jobs/apply/7/ HTTP/1.1" 201 10064
[2025-04-28 10:41:19,423] WARNING django.request Not Found: /favicon.ico
[2025-04-28 10:41:57,965] INFO django.utils.autoreload Watching for file changes with StatReloader
[2025-04-28 10:42:00,953] INFO django.server "GET /api/ HTTP/1.1" 200 6941
[2025-04-28 10:42:01,209] WARNING django.request Not Found: /favicon.ico
[2025-04-28 10:42:02,390] INFO django.server "GET /api/job-listings/ HTTP/1.1" 200 12111
[2025-04-28 10:42:02,657] WARNING django.request Not Found: /favicon.ico
